
> tsifulator-ai-excel-addin@1.0.0 start
> webpack serve --mode development --no-open

<i> [webpack-dev-server] Project is running at:
<i> [webpack-dev-server] Loopback: https://localhost:3000/, https://[::1]:3000/
<i> [webpack-dev-server] On Your Network (IPv4): https://136.167.159.133:3000/
<i> [webpack-dev-server] Content not from webpack is served from '/Users/nicholastsiflikiotis/tsifulator.ai/excel-addin/public' directory
assets by path assets/*.png 1.5 KiB
  asset assets/icon-80.png 955 bytes [emitted] [from: assets/icon-80.png] [copied]
  asset assets/icon-32.png 381 bytes [emitted] [from: assets/icon-32.png] [copied]
  asset assets/icon-16.png 205 bytes [emitted] [from: assets/icon-16.png] [copied]
assets by path *.js 2.13 MiB
  asset taskpane.js 1.08 MiB [emitted] (name: taskpane)
  asset auth.js 1.04 MiB [emitted] (name: auth)
asset manifest.xml 4.03 KiB [emitted] [from: manifest.xml] [copied]
asset taskpane.html 1.65 KiB [emitted]
runtime modules 56 KiB 25 modules
orphan modules 207 bytes [orphan] 1 module
modules by path ./node_modules/ 899 KiB 61 modules
modules by path ./src/ 20.5 KiB
  modules by path ./src/*.js 12.2 KiB
    ./src/taskpane.js 10.8 KiB [built] [code generated]
    ./src/auth.js 1.36 KiB [built] [code generated]
  modules by path ./src/*.css 8.34 KiB
    ./src/taskpane.css 2.24 KiB [built] [code generated]
    ./node_modules/css-loader/dist/cjs.js!./src/taskpane.css 6.1 KiB [built] [code generated]
webpack 5.105.4 compiled successfully in 375 ms
